Success (4):
content 51908 _a-0000dfd8-6941-8000-9ba2-011c48011c48_193714 "DA Interfaces"
content 51909 _a-0000dfd8-6941-8000-9ba2-011c48011c48_193720 "DQ_Summary"
content 62269 _a-0000e067-d58d-8000-9ba2-011c48011c48_309291 "DA_Constant"
application 62267 _a-0000dfd8-6941-8000-9ba2-011c48011c48_193703 "Deployment Application"

Referenced precedents that were not exported (2):
user samuel.bruns@perficient.com samuel.bruns@perficient.com
user jerome.wong@perficient.com jerome.wong@perficient.com

Trace:
2018-06-19 15:28:50.085 DEBUG application 62267 _a-0000dfd8-6941-8000-9ba2-011c48011c48_193703 Begin transport.
2018-06-19 15:28:50.085 DEBUG application 62267 _a-0000dfd8-6941-8000-9ba2-011c48011c48_193703 Retrieving object data.
2018-06-19 15:28:50.094 DEBUG application 62267 _a-0000dfd8-6941-8000-9ba2-011c48011c48_193703 App associated objects: [content=[_a-0000dfd8-6941-8000-9ba2-011c48011c48_193714, _a-0000dfd8-6941-8000-9ba2-011c48011c48_193720, _a-0000e067-d58d-8000-9ba2-011c48011c48_309291]]
2018-06-19 15:28:50.096 DEBUG application 62267 _a-0000dfd8-6941-8000-9ba2-011c48011c48_193703 Invalid associated objects: []
2018-06-19 15:28:50.096 DEBUG application 62267 _a-0000dfd8-6941-8000-9ba2-011c48011c48_193703 Adding valid associated objects to be exported: GlobalBindingMap[content={_a-0000dfd8-6941-8000-9ba2-011c48011c48_193714=51908, _a-0000dfd8-6941-8000-9ba2-011c48011c48_193720=51909, _a-0000e067-d58d-8000-9ba2-011c48011c48_309291=62269}]
2018-06-19 15:28:50.096 DEBUG application 62267 _a-0000dfd8-6941-8000-9ba2-011c48011c48_193703 Setting uuids of object references.
2018-06-19 15:28:50.096 DEBUG application 62267 _a-0000dfd8-6941-8000-9ba2-011c48011c48_193703 Processing reference: Application.forum
2018-06-19 15:28:50.099 DEBUG application 62267 _a-0000dfd8-6941-8000-9ba2-011c48011c48_193703 Processing reference: Application.parent
2018-06-19 15:28:50.104 DEBUG application 62267 _a-0000dfd8-6941-8000-9ba2-011c48011c48_193703 Processing reference: com.appiancorp.suiteapi.content.ContentRoleMap@509d9dc1[
  ContentRole[name=readers,inherit=false,allowForAll=false]
  ContentRole[name=authors,inherit=false,allowForAll=false]
  ContentRole[name=administrators,usernames=[samuel.bruns@perficient.com, jerome.wong@perficient.com],inherit=false,allowForAll=false]
  ContentRole[name=denyReaders,inherit=false,allowForAll=false]
  ContentRole[name=denyAuthors,inherit=false,allowForAll=false]
  ContentRole[name=denyAdministrators,inherit=false,allowForAll=false]
  securityVector=129:SEC_PUBLIC=true,SEC_CREATOR_ADMIN=true,SEC_INH_ADMIN=false,SEC_INH_EDITOR=false,SEC_INH_VIEWER=false,SEC_ALL_ADMIN=false,SEC_ALL_EDITOR=false,SEC_ALL_VIEWER=false
]
2018-06-19 15:28:50.104 DEBUG application 62267 _a-0000dfd8-6941-8000-9ba2-011c48011c48_193703 Processing reference: ContentRole[name=readers,inherit=false,allowForAll=false]
2018-06-19 15:28:50.104 DEBUG application 62267 _a-0000dfd8-6941-8000-9ba2-011c48011c48_193703 Processing reference: ContentRole[name=authors,inherit=false,allowForAll=false]
2018-06-19 15:28:50.104 DEBUG application 62267 _a-0000dfd8-6941-8000-9ba2-011c48011c48_193703 Processing reference: ContentRole[name=administrators,usernames=[samuel.bruns@perficient.com, jerome.wong@perficient.com],inherit=false,allowForAll=false]
2018-06-19 15:28:50.107 DEBUG application 62267 _a-0000dfd8-6941-8000-9ba2-011c48011c48_193703 Processing reference: ContentRole[name=denyReaders,inherit=false,allowForAll=false]
2018-06-19 15:28:50.107 DEBUG application 62267 _a-0000dfd8-6941-8000-9ba2-011c48011c48_193703 Processing reference: ContentRole[name=denyAuthors,inherit=false,allowForAll=false]
2018-06-19 15:28:50.107 DEBUG application 62267 _a-0000dfd8-6941-8000-9ba2-011c48011c48_193703 Processing reference: ContentRole[name=denyAdministrators,inherit=false,allowForAll=false]
2018-06-19 15:28:50.11 DEBUG content 51908 _a-0000dfd8-6941-8000-9ba2-011c48011c48_193714 Begin transport.
2018-06-19 15:28:50.11 DEBUG content 51908 _a-0000dfd8-6941-8000-9ba2-011c48011c48_193714 Retrieving object data.
2018-06-19 15:28:50.121 DEBUG content 51908 _a-0000dfd8-6941-8000-9ba2-011c48011c48_193714 Setting uuids of object references.
2018-06-19 15:28:50.121 DEBUG content 51908 _a-0000dfd8-6941-8000-9ba2-011c48011c48_193714 Processing reference: RulesFolder.forum
2018-06-19 15:28:50.122 DEBUG content 51908 _a-0000dfd8-6941-8000-9ba2-011c48011c48_193714 Processing reference: RulesFolder.parent
2018-06-19 15:28:50.126 DEBUG content 51908 _a-0000dfd8-6941-8000-9ba2-011c48011c48_193714 Processing reference: com.appiancorp.suiteapi.content.ContentRoleMap@1272b479[
  ContentRole[name=readers,inherit=false,allowForAll=false]
  ContentRole[name=authors,inherit=false,allowForAll=false]
  ContentRole[name=administrators,inherit=false,allowForAll=false]
  ContentRole[name=denyReaders,inherit=false,allowForAll=false]
  ContentRole[name=denyAuthors,inherit=false,allowForAll=false]
  ContentRole[name=denyAdministrators,inherit=false,allowForAll=false]
  securityVector=1:SEC_PUBLIC=true,SEC_CREATOR_ADMIN=false,SEC_INH_ADMIN=false,SEC_INH_EDITOR=false,SEC_INH_VIEWER=false,SEC_ALL_ADMIN=false,SEC_ALL_EDITOR=false,SEC_ALL_VIEWER=false
]
2018-06-19 15:28:50.126 DEBUG content 51908 _a-0000dfd8-6941-8000-9ba2-011c48011c48_193714 Processing reference: ContentRole[name=readers,inherit=false,allowForAll=false]
2018-06-19 15:28:50.126 DEBUG content 51908 _a-0000dfd8-6941-8000-9ba2-011c48011c48_193714 Processing reference: ContentRole[name=authors,inherit=false,allowForAll=false]
2018-06-19 15:28:50.126 DEBUG content 51908 _a-0000dfd8-6941-8000-9ba2-011c48011c48_193714 Processing reference: ContentRole[name=administrators,inherit=false,allowForAll=false]
2018-06-19 15:28:50.126 DEBUG content 51908 _a-0000dfd8-6941-8000-9ba2-011c48011c48_193714 Processing reference: ContentRole[name=denyReaders,inherit=false,allowForAll=false]
2018-06-19 15:28:50.126 DEBUG content 51908 _a-0000dfd8-6941-8000-9ba2-011c48011c48_193714 Processing reference: ContentRole[name=denyAuthors,inherit=false,allowForAll=false]
2018-06-19 15:28:50.126 DEBUG content 51908 _a-0000dfd8-6941-8000-9ba2-011c48011c48_193714 Processing reference: ContentRole[name=denyAdministrators,inherit=false,allowForAll=false]
2018-06-19 15:28:50.126 DEBUG content 51908 _a-0000dfd8-6941-8000-9ba2-011c48011c48_193714 Completing produce.
2018-06-19 15:28:50.126 DEBUG content 51908 _a-0000dfd8-6941-8000-9ba2-011c48011c48_193714 Exporting binary resources.
2018-06-19 15:28:50.126 DEBUG content 51908 _a-0000dfd8-6941-8000-9ba2-011c48011c48_193714 Serializing object to XML.
2018-06-19 15:28:50.133 DEBUG content 51908 _a-0000dfd8-6941-8000-9ba2-011c48011c48_193714 Object transported.
2018-06-19 15:28:50.133 DEBUG content 51909 _a-0000dfd8-6941-8000-9ba2-011c48011c48_193720 Begin transport.
2018-06-19 15:28:50.133 DEBUG content 51909 _a-0000dfd8-6941-8000-9ba2-011c48011c48_193720 Retrieving object data.
2018-06-19 15:28:50.144 DEBUG content 51909 _a-0000dfd8-6941-8000-9ba2-011c48011c48_193720 Setting uuids of object references.
2018-06-19 15:28:50.144 DEBUG content 51909 _a-0000dfd8-6941-8000-9ba2-011c48011c48_193720 Processing reference: [Content:id=51909,versionId=-1,name=DQ_Summary,type=32,subtype=1,uuid=_a-0000dfd8-6941-8000-9ba2-011c48011c48_193720,parent=51908]
2018-06-19 15:28:50.149 DEBUG content 51909 _a-0000dfd8-6941-8000-9ba2-011c48011c48_193720 Processing reference: FreeformRule.forum
2018-06-19 15:28:50.15 DEBUG content 51909 _a-0000dfd8-6941-8000-9ba2-011c48011c48_193720 Processing reference: FreeformRule.parent
2018-06-19 15:28:50.154 DEBUG content 51909 _a-0000dfd8-6941-8000-9ba2-011c48011c48_193720 Processing reference: com.appiancorp.suiteapi.content.ContentRoleMap@e1c258[
  ContentRole[name=readers,inherit=true,allowForAll=false]
  ContentRole[name=authors,inherit=true,allowForAll=false]
  ContentRole[name=administrators,inherit=true,allowForAll=false]
  ContentRole[name=denyReaders,inherit=false,allowForAll=false]
  ContentRole[name=denyAuthors,inherit=false,allowForAll=false]
  ContentRole[name=denyAdministrators,inherit=false,allowForAll=false]
  securityVector=15:SEC_PUBLIC=true,SEC_CREATOR_ADMIN=false,SEC_INH_ADMIN=true,SEC_INH_EDITOR=true,SEC_INH_VIEWER=true,SEC_ALL_ADMIN=false,SEC_ALL_EDITOR=false,SEC_ALL_VIEWER=false
]
2018-06-19 15:28:50.154 DEBUG content 51909 _a-0000dfd8-6941-8000-9ba2-011c48011c48_193720 Processing reference: ContentRole[name=readers,inherit=true,allowForAll=false]
2018-06-19 15:28:50.154 DEBUG content 51909 _a-0000dfd8-6941-8000-9ba2-011c48011c48_193720 Processing reference: ContentRole[name=authors,inherit=true,allowForAll=false]
2018-06-19 15:28:50.155 DEBUG content 51909 _a-0000dfd8-6941-8000-9ba2-011c48011c48_193720 Processing reference: ContentRole[name=administrators,inherit=true,allowForAll=false]
2018-06-19 15:28:50.155 DEBUG content 51909 _a-0000dfd8-6941-8000-9ba2-011c48011c48_193720 Processing reference: ContentRole[name=denyReaders,inherit=false,allowForAll=false]
2018-06-19 15:28:50.155 DEBUG content 51909 _a-0000dfd8-6941-8000-9ba2-011c48011c48_193720 Processing reference: ContentRole[name=denyAuthors,inherit=false,allowForAll=false]
2018-06-19 15:28:50.155 DEBUG content 51909 _a-0000dfd8-6941-8000-9ba2-011c48011c48_193720 Processing reference: ContentRole[name=denyAdministrators,inherit=false,allowForAll=false]
2018-06-19 15:28:50.155 DEBUG content 51909 _a-0000dfd8-6941-8000-9ba2-011c48011c48_193720 Completing produce.
2018-06-19 15:28:50.155 DEBUG content 51909 _a-0000dfd8-6941-8000-9ba2-011c48011c48_193720 Exporting binary resources.
2018-06-19 15:28:50.155 DEBUG content 51909 _a-0000dfd8-6941-8000-9ba2-011c48011c48_193720 Serializing object to XML.
2018-06-19 15:28:50.163 DEBUG content 51909 _a-0000dfd8-6941-8000-9ba2-011c48011c48_193720 Object transported.
2018-06-19 15:28:50.163 DEBUG content 62269 _a-0000e067-d58d-8000-9ba2-011c48011c48_309291 Begin transport.
2018-06-19 15:28:50.163 DEBUG content 62269 _a-0000e067-d58d-8000-9ba2-011c48011c48_309291 Retrieving object data.
2018-06-19 15:28:50.175 DEBUG content 62269 _a-0000e067-d58d-8000-9ba2-011c48011c48_309291 Setting uuids of object references.
2018-06-19 15:28:50.175 DEBUG content 62269 _a-0000e067-d58d-8000-9ba2-011c48011c48_309291 Processing reference: [Content:id=62269,versionId=-1,name=DA_Constant,type=32,subtype=0,uuid=_a-0000e067-d58d-8000-9ba2-011c48011c48_309291,parent=51908]
2018-06-19 15:28:50.175 DEBUG content 62269 _a-0000e067-d58d-8000-9ba2-011c48011c48_309291 Processing reference: Constant.forum
2018-06-19 15:28:50.175 DEBUG content 62269 _a-0000e067-d58d-8000-9ba2-011c48011c48_309291 Processing reference: Constant.parent
2018-06-19 15:28:50.179 DEBUG content 62269 _a-0000e067-d58d-8000-9ba2-011c48011c48_309291 Processing reference: com.appiancorp.suiteapi.content.ContentRoleMap@90165a6[
  ContentRole[name=readers,inherit=true,allowForAll=false]
  ContentRole[name=authors,inherit=true,allowForAll=false]
  ContentRole[name=administrators,inherit=true,allowForAll=false]
  ContentRole[name=denyReaders,inherit=false,allowForAll=false]
  ContentRole[name=denyAuthors,inherit=false,allowForAll=false]
  ContentRole[name=denyAdministrators,inherit=false,allowForAll=false]
  securityVector=15:SEC_PUBLIC=true,SEC_CREATOR_ADMIN=false,SEC_INH_ADMIN=true,SEC_INH_EDITOR=true,SEC_INH_VIEWER=true,SEC_ALL_ADMIN=false,SEC_ALL_EDITOR=false,SEC_ALL_VIEWER=false
]
2018-06-19 15:28:50.179 DEBUG content 62269 _a-0000e067-d58d-8000-9ba2-011c48011c48_309291 Processing reference: ContentRole[name=readers,inherit=true,allowForAll=false]
2018-06-19 15:28:50.179 DEBUG content 62269 _a-0000e067-d58d-8000-9ba2-011c48011c48_309291 Processing reference: ContentRole[name=authors,inherit=true,allowForAll=false]
2018-06-19 15:28:50.179 DEBUG content 62269 _a-0000e067-d58d-8000-9ba2-011c48011c48_309291 Processing reference: ContentRole[name=administrators,inherit=true,allowForAll=false]
2018-06-19 15:28:50.179 DEBUG content 62269 _a-0000e067-d58d-8000-9ba2-011c48011c48_309291 Processing reference: ContentRole[name=denyReaders,inherit=false,allowForAll=false]
2018-06-19 15:28:50.179 DEBUG content 62269 _a-0000e067-d58d-8000-9ba2-011c48011c48_309291 Processing reference: ContentRole[name=denyAuthors,inherit=false,allowForAll=false]
2018-06-19 15:28:50.179 DEBUG content 62269 _a-0000e067-d58d-8000-9ba2-011c48011c48_309291 Processing reference: ContentRole[name=denyAdministrators,inherit=false,allowForAll=false]
2018-06-19 15:28:50.18 DEBUG content 62269 _a-0000e067-d58d-8000-9ba2-011c48011c48_309291 Completing produce.
2018-06-19 15:28:50.18 DEBUG content 62269 _a-0000e067-d58d-8000-9ba2-011c48011c48_309291 Exporting binary resources.
2018-06-19 15:28:50.18 DEBUG content 62269 _a-0000e067-d58d-8000-9ba2-011c48011c48_309291 Serializing object to XML.
2018-06-19 15:28:50.194 DEBUG content 62269 _a-0000e067-d58d-8000-9ba2-011c48011c48_309291 Object transported.
2018-06-19 15:28:50.195 DEBUG application 62267 _a-0000dfd8-6941-8000-9ba2-011c48011c48_193703 Completing produce.
2018-06-19 15:28:50.195 DEBUG application 62267 _a-0000dfd8-6941-8000-9ba2-011c48011c48_193703 Exporting binary resources.
2018-06-19 15:28:50.195 DEBUG application 62267 _a-0000dfd8-6941-8000-9ba2-011c48011c48_193703 Serializing object to XML.
2018-06-19 15:28:50.205 DEBUG application 62267 _a-0000dfd8-6941-8000-9ba2-011c48011c48_193703 Object transported.
